# JRE version: Java(TM) SE Runtime Environment (18.0.1.1+2) (build 18.0.1.1+2-6)
# Java VM: Java HotSpot(TM) 64-Bit Server VM (18.0.1.1+2-6, mixed mode, sharing, tiered, compressed oops, compressed class ptrs, g1 gc, windows-amd64)
GC Precious Log:
 CardTable entry size: 512
 Card Set container configuration: InlinePtr #cards 5 size 8 Array Of Cards #cards 12 size 40 Howl #buckets 4 coarsen threshold 1843 Howl Bitmap #cards 512 size 80 coarsen threshold 460 Card regions per heap region 1 cards per card region 2048
 CPUs: 4 total, 4 available
 Memory: 4000M
 Large Page Support: Disabled
 NUMA Support: Disabled
 Compressed Oops: Enabled (32-bit)
 Heap Region Size: 1M
 Heap Min Capacity: 8M
 Heap Initial Capacity: 64M
 Heap Max Capacity: 1002M
 Pre-touch: Disabled
 Parallel Workers: 4
 Concurrent Workers: 1
 Concurrent Refinement Workers: 4
 Periodic GC: Disabled
Heap:
 garbage-first heap   total 65536K, used 17404K [0x00000000c1600000, 0x0000000100000000)
  region size 1024K, 9 young (9216K), 3 survivors (3072K)
 Metaspace       used 6650K, committed 6784K, reserved 1114112K
  class space    used 635K, committed 704K, reserved 1048576K
GC Heap History (6 events):
Event: 1.432 GC heap before
{Heap before GC invocations=0 (full 0):
 garbage-first heap   total 65536K, used 12288K [0x00000000c1600000, 0x0000000100000000)
  region size 1024K, 13 young (13312K), 0 survivors (0K)
 Metaspace       used 2764K, committed 2880K, reserved 1114112K
  class space    used 251K, committed 320K, reserved 1048576K
}
Event: 1.453 GC heap after
{Heap after GC invocations=1 (full 0):
 garbage-first heap   total 65536K, used 6058K [0x00000000c1600000, 0x0000000100000000)
  region size 1024K, 2 young (2048K), 2 survivors (2048K)
 Metaspace       used 2764K, committed 2880K, reserved 1114112K
  class space    used 251K, committed 320K, reserved 1048576K
}
Event: 3.263 GC heap before
{Heap before GC invocations=1 (full 0):
 garbage-first heap   total 65536K, used 14250K [0x00000000c1600000, 0x0000000100000000)
  region size 1024K, 11 young (11264K), 2 survivors (2048K)
 Metaspace       used 5387K, committed 5632K, reserved 1114112K
  class space    used 545K, committed 640K, reserved 1048576K
}
Event: 3.285 GC heap after
{Heap after GC invocations=2 (full 0):
 garbage-first heap   total 65536K, used 8365K [0x00000000c1600000, 0x0000000100000000)
  region size 1024K, 2 young (2048K), 2 survivors (2048K)
 Metaspace       used 5387K, committed 5632K, reserved 1114112K
  class space    used 545K, committed 640K, reserved 1048576K
}
Event: 4.326 GC heap before
{Heap before GC invocations=2 (full 0):
 garbage-first heap   total 65536K, used 23725K [0x00000000c1600000, 0x0000000100000000)
  region size 1024K, 17 young (17408K), 2 survivors (2048K)
 Metaspace       used 6252K, committed 6464K, reserved 1114112K
  class space    used 589K, committed 704K, reserved 1048576K
}
Event: 4.372 GC heap after
{Heap after GC invocations=3 (full 0):
 garbage-first heap   total 65536K, used 12284K [0x00000000c1600000, 0x0000000100000000)
  region size 1024K, 3 young (3072K), 3 survivors (3072K)
 Metaspace       used 6252K, committed 6464K, reserved 1114112K
  class space    used 589K, committed 704K, reserved 1048576K
}

