<?xml version="1.0" encoding="UTF-8"?>
<!-- Generated by org.testng.reporters.JUnitXMLReporter -->
<testsuite ignored="2" hostname="Dell" failures="0" tests="2" name="dTest" time="0.169" errors="0" timestamp="2022-10-17T14:19:45 IST">
  <testcase classname="nivd.ng2" name="m1" time="0.034"/>
  <testcase classname="nivd.ng2" name="m4" time="0.004"/>
  <testcase classname="nivd.ng2" name="m3" time="0.0">
    <ignored/>
  </testcase> <!-- m3 -->
  <testcase classname="nivd.ng2" name="m2" time="0.0">
    <ignored/>
  </testcase> <!-- m2 -->
</testsuite> <!-- dTest -->
