<?xml version="1.0" encoding="UTF-8"?>
<!-- Generated by org.testng.reporters.JUnitXMLReporter -->
<testsuite ignored="1" hostname="Dell" failures="1" tests="11" name="demoTest" time="69.603" errors="0" timestamp="2022-10-19T08:25:55 IST">
  <testcase classname="nivd.ng2" name="m1" time="0.034"/>
  <testcase classname="nivd.ng2" name="m2" time="0.005"/>
  <testcase classname="nivd.ng2" name="m3" time="0.01"/>
  <testcase classname="nivd.ng2" name="m4" time="0.006"/>
  <testcase classname="nivd.test_demo1ng" name="test1" time="0.006"/>
  <testcase classname="nivd.test_demo1ng" name="test2" time="0.011"/>
  <testcase classname="nivd.test_demo1ng" name="test3" time="0.011"/>
  <testcase classname="nivd.clas_demo2ng1" name="testa" time="0.138">
    <failure type="java.lang.AssertionError" message="expected [true] but found [false]">
      <![CDATA[java.lang.AssertionError: expected [true] but found [false]
at nivd.clas_demo2ng1.testa(clas_demo2ng1.java:10)
at java.base/java.util.ArrayList.forEach(ArrayList.java:1511)
... Removed 29 stack frames]]>
    </failure>
  </testcase> <!-- testa -->
  <testcase classname="nivd.clas_demo2ng1" name="testc" time="0.008"/>
  <testcase classname="nivd.clas_demo2ng1" name="testc" time="0.013"/>
  <testcase classname="nivd.clas_demo2ng1" name="testd" time="0.0">
    <skipped/>
  </testcase> <!-- testd -->
  <testcase classname="nivd.clas_demo2ng1" name="testb" time="0.0">
    <ignored/>
  </testcase> <!-- testb -->
</testsuite> <!-- demoTest -->
