<?xml version="1.0" encoding="UTF-8"?>
<!-- Generated by org.testng.reporters.JUnitXMLReporter -->
<testsuite ignored="0" hostname="Dell" failures="0" tests="5" name="Test edge" time="96.791" errors="0" timestamp="2022-10-19T00:30:18 IST">
  <testcase classname="nivd.test_7" name="test" time="0.008"/>
  <testcase classname="nivd.test_7" name="test1" time="0.004"/>
  <testcase classname="nivd.test8" name="test1" time="0.005"/>
  <testcase classname="nivd.test8" name="test2" time="0.007"/>
  <testcase classname="nivd.test8" name="test3" time="0.002"/>
</testsuite> <!-- Test edge -->
