<?xml version="1.0" encoding="UTF-8"?>
<testng-results ignored="0" total="1" passed="1" failed="0" skipped="0">
  <reporter-output>
  </reporter-output>
  <suite started-at="2022-10-28T21:18:03 IST" name="Default suite" finished-at="2022-10-28T21:18:35 IST" duration-ms="31612">
    <groups>
    </groups>
    <test started-at="2022-10-28T21:18:03 IST" name="Default test" finished-at="2022-10-28T21:18:35 IST" duration-ms="31612">
      <class name="nivd.testpom">
        <test-method signature="testlogin()[pri:0, instance:nivd.testpom@6a192cfe]" started-at="2022-10-28T21:18:03 IST" name="testlogin" finished-at="2022-10-28T21:18:35 IST" duration-ms="31409" status="PASS">
          <reporter-output>
          </reporter-output>
        </test-method> <!-- testlogin -->
      </class> <!-- nivd.testpom -->
    </test> <!-- Default test -->
  </suite> <!-- Default suite -->
</testng-results>
